<?xml version="1.0" encoding="UTF-8"?>
<testng-results skipped="0" failed="0" ignored="0" total="1" passed="1">
  <reporter-output>
  </reporter-output>
  <suite name="Surefire suite" duration-ms="31" started-at="2020-06-27T08:58:33Z" finished-at="2020-06-27T08:58:33Z">
    <groups>
    </groups>
    <test name="Surefire test" duration-ms="31" started-at="2020-06-27T08:58:33Z" finished-at="2020-06-27T08:58:33Z">
      <class name="com.org.browerserstack.AppTest">
        <test-method status="PASS" signature="shouldAnswerWithTrue()" name="shouldAnswerWithTrue" duration-ms="4" started-at="2020-06-27T08:58:33Z" finished-at="2020-06-27T08:58:33Z">
          <reporter-output>
          </reporter-output>
        </test-method> <!-- shouldAnswerWithTrue -->
      </class> <!-- com.org.browerserstack.AppTest -->
    </test> <!-- Surefire test -->
  </suite> <!-- Surefire suite -->
</testng-results>
