<?xml version="1.0" encoding="UTF-8"?>
<testng-results skipped="0" failed="0" ignored="0" total="1" passed="1">
  <reporter-output>
  </reporter-output>
  <suite name="Surefire suite" duration-ms="29213" started-at="2020-06-27T08:58:04Z" finished-at="2020-06-27T08:58:33Z">
    <groups>
    </groups>
    <test name="Surefire test" duration-ms="29213" started-at="2020-06-27T08:58:04Z" finished-at="2020-06-27T08:58:33Z">
      <class name="com.org.browerserstack.BrowserTest">
        <test-method status="PASS" signature="start()[pri:0, instance:com.org.browerserstack.BrowserTest@62043840]" name="start" duration-ms="29129" started-at="2020-06-27T08:58:04Z" finished-at="2020-06-27T08:58:33Z">
          <reporter-output>
          </reporter-output>
        </test-method> <!-- start -->
      </class> <!-- com.org.browerserstack.BrowserTest -->
    </test> <!-- Surefire test -->
  </suite> <!-- Surefire suite -->
</testng-results>
