<?xml version="1.0" encoding="UTF-8"?>
<testng-results skipped="0" failed="0" ignored="0" total="1" passed="1">
  <reporter-output>
  </reporter-output>
  <suite name="Default suite" duration-ms="28994" started-at="2020-06-27T14:42:12 IST" finished-at="2020-06-27T14:42:41 IST">
    <groups>
    </groups>
    <test name="Default test" duration-ms="28994" started-at="2020-06-27T14:42:12 IST" finished-at="2020-06-27T14:42:41 IST">
      <class name="com.org.browerserstack.BrowserTest">
        <test-method status="PASS" signature="start()[pri:0, instance:com.org.browerserstack.BrowserTest@57855c9a]" name="start" duration-ms="28960" started-at="2020-06-27T14:42:12 IST" finished-at="2020-06-27T14:42:41 IST">
          <reporter-output>
          </reporter-output>
        </test-method> <!-- start -->
      </class> <!-- com.org.browerserstack.BrowserTest -->
    </test> <!-- Default test -->
  </suite> <!-- Default suite -->
</testng-results>
